[PREINITIALIZATION][CLIENT][INFO] Current loaders after merging: [[preinit]]
[PREINITIALIZATION][CLIENT][INFO] Loading scripts for loader with names [preinit]
[PREINITIALIZATION][CLIENT][INFO] [preinit | SIDE_CLIENT]: Skipping file {[0:crafttweaker]: recipes\tinker_recipes.zs} as we are currently loading with a different loader
[PREINITIALIZATION][CLIENT][INFO] Completed script loading in: 2ms
[INITIALIZATION][CLIENT][INFO] CraftTweaker: Building registry
[INITIALIZATION][CLIENT][INFO] CraftTweaker: Successfully built item registry
[INITIALIZATION][CLIENT][INFO] Current loaders after merging: [[preinit], [recipeevent | crafttweaker]]
[INITIALIZATION][CLIENT][INFO] Loading scripts for loader with names [crafttweaker | recipeevent]
[INITIALIZATION][CLIENT][INFO] [crafttweaker | SIDE_CLIENT]: Loading Script: {[0:crafttweaker]: recipes\tinker_recipes.zs}
[INITIALIZATION][CLIENT][INFO] Completed script loading in: 447ms
[POSTINITIALIZATION][CLIENT][INFO] Removing recipes for various outputs
[POSTINITIALIZATION][CLIENT][INFO] Adding shapeless recipe for Blank Pattern with name name
[AVAILABLE][CLIENT][INFO] Fixed the RecipeBook
<minecraft:planks>
<minecraft:planks:1>
<minecraft:planks:2>
<minecraft:planks:3>
<minecraft:planks:4>
<minecraft:planks:5>
<biomesoplenty:planks_0>
<biomesoplenty:planks_0:1>
<biomesoplenty:planks_0:2>
<plants2:planks:5>
<biomesoplenty:planks_0:14>
<plants2:planks:4>
<plants2:planks:3>
<plants2:planks:2>
<plants2:planks:1>
<plants2:planks>
<plants2:crystal_planks:1>
<plants2:crystal_planks>
<biomesoplenty:planks_0:15>
<biomesoplenty:planks_0:13>
<biomesoplenty:planks_0:3>
<biomesoplenty:planks_0:4>
<biomesoplenty:planks_0:6>
<biomesoplenty:planks_0:7>
<biomesoplenty:planks_0:8>
<biomesoplenty:planks_0:9>
<biomesoplenty:planks_0:10>
<biomesoplenty:planks_0:11>
<biomesoplenty:planks_0:12>
[SERVER_STARTED][SERVER][INFO] Loading scripts for loader with names [preinit]
[SERVER_STARTED][SERVER][INFO] Completed script loading in: 0ms
[SERVER_STARTED][SERVER][INFO] Loading scripts for loader with names [crafttweaker | recipeevent]
[SERVER_STARTED][SERVER][INFO] [crafttweaker | SIDE_CLIENT]: Loading Script: {[0:crafttweaker]: minecraft\transformation_recipes.zs}
[SERVER_STARTED][SERVER][ERROR] [crafttweaker | SIDE_CLIENT]: Error parsing minecraft\transformation_recipes.zs:8 -- ] or , expected
[SERVER_STARTED][SERVER][INFO] [crafttweaker | SIDE_CLIENT]: Loading Script: {[0:crafttweaker]: recipes\tinker_recipes.zs}
[SERVER_STARTED][SERVER][INFO] Completed script loading in: 7ms
[SERVER_STARTED][SERVER][INFO] Loading scripts for loader with names [preinit]
[SERVER_STARTED][SERVER][INFO] Completed script loading in: 0ms
[SERVER_STARTED][SERVER][INFO] Loading scripts for loader with names [crafttweaker | recipeevent]
[SERVER_STARTED][SERVER][INFO] [crafttweaker | SIDE_CLIENT]: Loading Script: {[0:crafttweaker]: minecraft\transformation_recipes.zs}
[SERVER_STARTED][SERVER][ERROR] [crafttweaker | SIDE_CLIENT]: Error parsing minecraft\transformation_recipes.zs:8 -- ] or , expected
[SERVER_STARTED][SERVER][INFO] [crafttweaker | SIDE_CLIENT]: Loading Script: {[0:crafttweaker]: recipes\tinker_recipes.zs}
[SERVER_STARTED][SERVER][INFO] Completed script loading in: 1ms
[SERVER_STARTED][SERVER][INFO] Loading scripts for loader with names [preinit]
[SERVER_STARTED][SERVER][INFO] Completed script loading in: 0ms
[SERVER_STARTED][SERVER][INFO] Loading scripts for loader with names [crafttweaker | recipeevent]
[SERVER_STARTED][SERVER][INFO] [crafttweaker | SIDE_CLIENT]: Loading Script: {[0:crafttweaker]: minecraft\transformation_recipes.zs}
[SERVER_STARTED][SERVER][ERROR] [crafttweaker | SIDE_CLIENT]: Error parsing minecraft\transformation_recipes.zs:38 -- ; expected
[SERVER_STARTED][SERVER][INFO] [crafttweaker | SIDE_CLIENT]: Loading Script: {[0:crafttweaker]: recipes\tinker_recipes.zs}
[SERVER_STARTED][SERVER][INFO] Completed script loading in: 4ms
[SERVER_STARTED][SERVER][INFO] Loading scripts for loader with names [preinit]
[SERVER_STARTED][SERVER][INFO] Completed script loading in: 0ms
[SERVER_STARTED][SERVER][INFO] Loading scripts for loader with names [crafttweaker | recipeevent]
[SERVER_STARTED][SERVER][INFO] [crafttweaker | SIDE_CLIENT]: Loading Script: {[0:crafttweaker]: minecraft\transformation_recipes.zs}
[SERVER_STARTED][SERVER][ERROR] [crafttweaker | SIDE_CLIENT]: Error parsing minecraft\transformation_recipes.zs:39 -- Invalid expression, last token: ;
[SERVER_STARTED][SERVER][INFO] [crafttweaker | SIDE_CLIENT]: Loading Script: {[0:crafttweaker]: recipes\tinker_recipes.zs}
[SERVER_STARTED][SERVER][INFO] Completed script loading in: 4ms
[SERVER_STARTED][SERVER][INFO] Loading scripts for loader with names [preinit]
[SERVER_STARTED][SERVER][INFO] Completed script loading in: 0ms
[SERVER_STARTED][SERVER][INFO] Loading scripts for loader with names [crafttweaker | recipeevent]
[SERVER_STARTED][SERVER][INFO] [crafttweaker | SIDE_CLIENT]: Loading Script: {[0:crafttweaker]: minecraft\transformation_recipes.zs}
[SERVER_STARTED][SERVER][ERROR] minecraft\transformation_recipes.zs:38 > a method available but none matches the parameters (ZenTypeNative: crafttweaker.item.IItemStack[])
This is usually an error in your script, not in the mod
remove(ZenTypeNative: crafttweaker.item.IIngredient, Optional bool)
[SERVER_STARTED][SERVER][INFO] [crafttweaker | SIDE_CLIENT]: Loading Script: {[0:crafttweaker]: recipes\tinker_recipes.zs}
[SERVER_STARTED][SERVER][INFO] Completed script loading in: 23ms
[SERVER_STARTED][SERVER][INFO] Loading scripts for loader with names [preinit]
[SERVER_STARTED][SERVER][INFO] Completed script loading in: 0ms
[SERVER_STARTED][SERVER][INFO] Loading scripts for loader with names [crafttweaker | recipeevent]
[SERVER_STARTED][SERVER][INFO] [crafttweaker | SIDE_CLIENT]: Loading Script: {[0:crafttweaker]: minecraft\wood_transform_recipes.zs}
[SERVER_STARTED][SERVER][ERROR] minecraft\wood_transform_recipes.zs:72 > a method available but none matches the parameters (ZenTypeNative: crafttweaker.item.IItemStack[])
This is usually an error in your script, not in the mod
remove(ZenTypeNative: crafttweaker.item.IIngredient, Optional bool)
[SERVER_STARTED][SERVER][INFO] [crafttweaker | SIDE_CLIENT]: Loading Script: {[0:crafttweaker]: recipes\tinker_recipes.zs}
[SERVER_STARTED][SERVER][INFO] Completed script loading in: 4ms
[SERVER_STARTED][SERVER][INFO] Loading scripts for loader with names [preinit]
[SERVER_STARTED][SERVER][INFO] Completed script loading in: 0ms
[SERVER_STARTED][SERVER][INFO] Loading scripts for loader with names [crafttweaker | recipeevent]
[SERVER_STARTED][SERVER][INFO] [crafttweaker | SIDE_CLIENT]: Loading Script: {[0:crafttweaker]: minecraft\wood_transform_recipes.zs}
[SERVER_STARTED][SERVER][ERROR] minecraft\wood_transform_recipes.zs:5 > Cannot cast ZenTypeNative: crafttweaker.item.IItemStack to ZenTypeNative: crafttweaker.item.IItemStack[]
[SERVER_STARTED][SERVER][ERROR] minecraft\wood_transform_recipes.zs:6 > Cannot cast ZenTypeNative: crafttweaker.item.IItemStack to ZenTypeNative: crafttweaker.item.IItemStack[]
[SERVER_STARTED][SERVER][ERROR] minecraft\wood_transform_recipes.zs:7 > Cannot cast ZenTypeNative: crafttweaker.item.IItemStack to ZenTypeNative: crafttweaker.item.IItemStack[]
[SERVER_STARTED][SERVER][ERROR] minecraft\wood_transform_recipes.zs:38 > Cannot cast ZenTypeNative: crafttweaker.item.IItemStack[] to ZenTypeNative: crafttweaker.item.IItemStack
[SERVER_STARTED][SERVER][ERROR] minecraft\wood_transform_recipes.zs:38 > Cannot cast ZenTypeNative: crafttweaker.item.IItemStack[] to ZenTypeNative: crafttweaker.item.IItemStack
[SERVER_STARTED][SERVER][ERROR] minecraft\wood_transform_recipes.zs:38 > Cannot cast ZenTypeNative: crafttweaker.item.IItemStack[] to ZenTypeNative: crafttweaker.item.IItemStack
[SERVER_STARTED][SERVER][ERROR] minecraft\wood_transform_recipes.zs:72 > a method available but none matches the parameters (ZenTypeNative: crafttweaker.item.IItemStack[])
This is usually an error in your script, not in the mod
remove(ZenTypeNative: crafttweaker.item.IIngredient, Optional bool)
[SERVER_STARTED][SERVER][INFO] [crafttweaker | SIDE_CLIENT]: Loading Script: {[0:crafttweaker]: recipes\tinker_recipes.zs}
[SERVER_STARTED][SERVER][INFO] Completed script loading in: 6ms
[SERVER_STARTED][SERVER][INFO] Loading scripts for loader with names [preinit]
[SERVER_STARTED][SERVER][INFO] Completed script loading in: 0ms
[SERVER_STARTED][SERVER][INFO] Loading scripts for loader with names [crafttweaker | recipeevent]
[SERVER_STARTED][SERVER][INFO] [crafttweaker | SIDE_CLIENT]: Loading Script: {[0:crafttweaker]: minecraft\wood_transform_recipes.zs}
[SERVER_STARTED][SERVER][ERROR] minecraft\wood_transform_recipes.zs:6 > Cannot cast ZenTypeNative: crafttweaker.item.IItemStack to ZenTypeNative: crafttweaker.item.IItemStack[]
[SERVER_STARTED][SERVER][ERROR] minecraft\wood_transform_recipes.zs:7 > Cannot cast ZenTypeNative: crafttweaker.item.IItemStack to ZenTypeNative: crafttweaker.item.IItemStack[]
[SERVER_STARTED][SERVER][ERROR] minecraft\wood_transform_recipes.zs:38 > Cannot cast ZenTypeNative: crafttweaker.item.IItemStack[] to ZenTypeNative: crafttweaker.item.IItemStack
[SERVER_STARTED][SERVER][ERROR] minecraft\wood_transform_recipes.zs:38 > Cannot cast ZenTypeNative: crafttweaker.item.IItemStack[] to ZenTypeNative: crafttweaker.item.IItemStack
[SERVER_STARTED][SERVER][ERROR] minecraft\wood_transform_recipes.zs:72 > a method available but none matches the parameters (ZenTypeNative: crafttweaker.item.IItemStack[])
This is usually an error in your script, not in the mod
remove(ZenTypeNative: crafttweaker.item.IIngredient, Optional bool)
[SERVER_STARTED][SERVER][INFO] [crafttweaker | SIDE_CLIENT]: Loading Script: {[0:crafttweaker]: recipes\tinker_recipes.zs}
[SERVER_STARTED][SERVER][INFO] Completed script loading in: 4ms
[SERVER_STARTED][SERVER][INFO] Loading scripts for loader with names [preinit]
[SERVER_STARTED][SERVER][INFO] Completed script loading in: 0ms
[SERVER_STARTED][SERVER][INFO] Loading scripts for loader with names [crafttweaker | recipeevent]
[SERVER_STARTED][SERVER][INFO] [crafttweaker | SIDE_CLIENT]: Loading Script: {[0:crafttweaker]: minecraft\wood_transform_recipes.zs}
[SERVER_STARTED][SERVER][ERROR] minecraft\wood_transform_recipes.zs:72 > a method available but none matches the parameters (ZenTypeNative: crafttweaker.item.IItemStack[])
This is usually an error in your script, not in the mod
remove(ZenTypeNative: crafttweaker.item.IIngredient, Optional bool)
[SERVER_STARTED][SERVER][INFO] [crafttweaker | SIDE_CLIENT]: Loading Script: {[0:crafttweaker]: recipes\tinker_recipes.zs}
[SERVER_STARTED][SERVER][INFO] Completed script loading in: 3ms
[SERVER_STARTED][SERVER][INFO] Loading scripts for loader with names [preinit]
[SERVER_STARTED][SERVER][INFO] Completed script loading in: 0ms
[SERVER_STARTED][SERVER][INFO] Loading scripts for loader with names [crafttweaker | recipeevent]
[SERVER_STARTED][SERVER][INFO] [crafttweaker | SIDE_CLIENT]: Loading Script: {[0:crafttweaker]: minecraft\wood_transform_recipes.zs}
[SERVER_STARTED][SERVER][INFO] [crafttweaker | SIDE_CLIENT]: Loading Script: {[0:crafttweaker]: recipes\tinker_recipes.zs}
[SERVER_STARTED][SERVER][INFO] Completed script loading in: 5ms
[SERVER_STARTED][SERVER][INFO] Loading scripts for loader with names [preinit]
[SERVER_STARTED][SERVER][INFO] Completed script loading in: 0ms
[SERVER_STARTED][SERVER][INFO] Loading scripts for loader with names [crafttweaker | recipeevent]
[SERVER_STARTED][SERVER][INFO] [crafttweaker | SIDE_CLIENT]: Loading Script: {[0:crafttweaker]: minecraft\wood_transform_recipes.zs}
[SERVER_STARTED][SERVER][ERROR] [crafttweaker | SIDE_CLIENT]: Error parsing minecraft\wood_transform_recipes.zs:65 -- ] or , expected
[SERVER_STARTED][SERVER][INFO] [crafttweaker | SIDE_CLIENT]: Loading Script: {[0:crafttweaker]: recipes\tinker_recipes.zs}
[SERVER_STARTED][SERVER][INFO] Completed script loading in: 3ms
[SERVER_STARTED][SERVER][INFO] Loading scripts for loader with names [preinit]
[SERVER_STARTED][SERVER][INFO] Completed script loading in: 0ms
[SERVER_STARTED][SERVER][INFO] Loading scripts for loader with names [crafttweaker | recipeevent]
[SERVER_STARTED][SERVER][INFO] [crafttweaker | SIDE_CLIENT]: Loading Script: {[0:crafttweaker]: minecraft\wood_transform_recipes.zs}
[SERVER_STARTED][SERVER][ERROR] [crafttweaker | SIDE_CLIENT]: Error parsing minecraft\wood_transform_recipes.zs:71 -- Unknown type: as
[SERVER_STARTED][SERVER][INFO] [crafttweaker | SIDE_CLIENT]: Loading Script: {[0:crafttweaker]: recipes\tinker_recipes.zs}
[SERVER_STARTED][SERVER][INFO] Completed script loading in: 4ms
[SERVER_STARTED][SERVER][INFO] Loading scripts for loader with names [preinit]
[SERVER_STARTED][SERVER][INFO] Completed script loading in: 0ms
[SERVER_STARTED][SERVER][INFO] Loading scripts for loader with names [crafttweaker | recipeevent]
[SERVER_STARTED][SERVER][INFO] [crafttweaker | SIDE_CLIENT]: Loading Script: {[0:crafttweaker]: minecraft\wood_transform_recipes.zs}
[SERVER_STARTED][SERVER][ERROR] [crafttweaker | SIDE_CLIENT]: Error parsing minecraft\wood_transform_recipes.zs:71 -- ; expected
[SERVER_STARTED][SERVER][INFO] [crafttweaker | SIDE_CLIENT]: Loading Script: {[0:crafttweaker]: recipes\tinker_recipes.zs}
[SERVER_STARTED][SERVER][INFO] Completed script loading in: 2ms
[SERVER_STARTED][SERVER][INFO] Loading scripts for loader with names [preinit]
[SERVER_STARTED][SERVER][INFO] Completed script loading in: 0ms
[SERVER_STARTED][SERVER][INFO] Loading scripts for loader with names [crafttweaker | recipeevent]
[SERVER_STARTED][SERVER][INFO] [crafttweaker | SIDE_CLIENT]: Loading Script: {[0:crafttweaker]: minecraft\wood_transform_recipes.zs}
[SERVER_STARTED][SERVER][INFO] [crafttweaker | SIDE_CLIENT]: Loading Script: {[0:crafttweaker]: recipes\tinker_recipes.zs}
[SERVER_STARTED][SERVER][INFO] Completed script loading in: 3ms
[SERVER_STARTED][SERVER][INFO] Loading scripts for loader with names [preinit]
[SERVER_STARTED][SERVER][INFO] Completed script loading in: 0ms
[SERVER_STARTED][SERVER][INFO] Loading scripts for loader with names [crafttweaker | recipeevent]
[SERVER_STARTED][SERVER][INFO] [crafttweaker | SIDE_CLIENT]: Loading Script: {[0:crafttweaker]: minecraft\wood_transform_recipes.zs}
[SERVER_STARTED][SERVER][ERROR] [crafttweaker | SIDE_CLIENT]: Error parsing minecraft\wood_transform_recipes.zs:73 -- ; expected
[SERVER_STARTED][SERVER][INFO] [crafttweaker | SIDE_CLIENT]: Loading Script: {[0:crafttweaker]: recipes\tinker_recipes.zs}
[SERVER_STARTED][SERVER][INFO] Completed script loading in: 2ms
[SERVER_STARTED][SERVER][INFO] Loading scripts for loader with names [preinit]
[SERVER_STARTED][SERVER][INFO] Completed script loading in: 1ms
[SERVER_STARTED][SERVER][INFO] Loading scripts for loader with names [crafttweaker | recipeevent]
[SERVER_STARTED][SERVER][INFO] [crafttweaker | SIDE_CLIENT]: Loading Script: {[0:crafttweaker]: minecraft\wood_transform_recipes.zs}
[SERVER_STARTED][SERVER][ERROR] [crafttweaker | SIDE_CLIENT]: Error parsing minecraft\wood_transform_recipes.zs:73 -- ; expected
[SERVER_STARTED][SERVER][INFO] [crafttweaker | SIDE_CLIENT]: Loading Script: {[0:crafttweaker]: recipes\tinker_recipes.zs}
[SERVER_STARTED][SERVER][INFO] Completed script loading in: 1ms
[SERVER_STARTED][SERVER][INFO] Loading scripts for loader with names [preinit]
[SERVER_STARTED][SERVER][INFO] Completed script loading in: 0ms
[SERVER_STARTED][SERVER][INFO] Loading scripts for loader with names [crafttweaker | recipeevent]
[SERVER_STARTED][SERVER][INFO] [crafttweaker | SIDE_CLIENT]: Loading Script: {[0:crafttweaker]: minecraft\wood_transform_recipes.zs}
[SERVER_STARTED][SERVER][ERROR] [crafttweaker | SIDE_CLIENT]: Error parsing minecraft\wood_transform_recipes.zs:73 -- ; expected
[SERVER_STARTED][SERVER][INFO] [crafttweaker | SIDE_CLIENT]: Loading Script: {[0:crafttweaker]: recipes\tinker_recipes.zs}
[SERVER_STARTED][SERVER][INFO] Completed script loading in: 2ms
[SERVER_STARTED][SERVER][INFO] Loading scripts for loader with names [preinit]
[SERVER_STARTED][SERVER][INFO] Completed script loading in: 0ms
[SERVER_STARTED][SERVER][INFO] Loading scripts for loader with names [crafttweaker | recipeevent]
[SERVER_STARTED][SERVER][INFO] [crafttweaker | SIDE_CLIENT]: Loading Script: {[0:crafttweaker]: minecraft\wood_transform_recipes.zs}
[SERVER_STARTED][SERVER][INFO] [crafttweaker | SIDE_CLIENT]: Loading Script: {[0:crafttweaker]: recipes\tinker_recipes.zs}
[SERVER_STARTED][SERVER][INFO] Completed script loading in: 3ms
[SERVER_STARTED][SERVER][INFO] Loading scripts for loader with names [preinit]
[SERVER_STARTED][SERVER][INFO] Completed script loading in: 0ms
[SERVER_STARTED][SERVER][INFO] Loading scripts for loader with names [crafttweaker | recipeevent]
[SERVER_STARTED][SERVER][INFO] [crafttweaker | SIDE_CLIENT]: Loading Script: {[0:crafttweaker]: minecraft\wood_transform_recipes.zs}
[SERVER_STARTED][SERVER][INFO] [crafttweaker | SIDE_CLIENT]: Loading Script: {[0:crafttweaker]: recipes\tinker_recipes.zs}
[SERVER_STARTED][SERVER][INFO] Completed script loading in: 2ms
[SERVER_STARTED][SERVER][INFO] Loading scripts for loader with names [preinit]
[SERVER_STARTED][SERVER][INFO] Completed script loading in: 0ms
[SERVER_STARTED][SERVER][INFO] Loading scripts for loader with names [crafttweaker | recipeevent]
[SERVER_STARTED][SERVER][INFO] [crafttweaker | SIDE_CLIENT]: Loading Script: {[0:crafttweaker]: minecraft\wood_transform_recipes.zs}
[SERVER_STARTED][SERVER][INFO] [crafttweaker | SIDE_CLIENT]: Loading Script: {[0:crafttweaker]: recipes\tinker_recipes.zs}
[SERVER_STARTED][SERVER][INFO] Completed script loading in: 2ms
[SERVER_STARTED][SERVER][INFO] Loading scripts for loader with names [preinit]
[SERVER_STARTED][SERVER][INFO] Completed script loading in: 0ms
[SERVER_STARTED][SERVER][INFO] Loading scripts for loader with names [crafttweaker | recipeevent]
[SERVER_STARTED][SERVER][INFO] [crafttweaker | SIDE_CLIENT]: Loading Script: {[0:crafttweaker]: minecraft\wood_transform_recipes.zs}
[SERVER_STARTED][SERVER][INFO] [crafttweaker | SIDE_CLIENT]: Loading Script: {[0:crafttweaker]: mods\remove_immersive.zs}
[SERVER_STARTED][SERVER][ERROR] [crafttweaker | SIDE_CLIENT]: Error parsing mods\remove_immersive.zs:1 -- ; expected
[SERVER_STARTED][SERVER][INFO] [crafttweaker | SIDE_CLIENT]: Loading Script: {[0:crafttweaker]: recipes\tinker_recipes.zs}
[SERVER_STARTED][SERVER][INFO] Completed script loading in: 3ms
[SERVER_STARTED][SERVER][INFO] Loading scripts for loader with names [preinit]
[SERVER_STARTED][SERVER][INFO] Completed script loading in: 0ms
[SERVER_STARTED][SERVER][INFO] Loading scripts for loader with names [crafttweaker | recipeevent]
[SERVER_STARTED][SERVER][INFO] [crafttweaker | SIDE_CLIENT]: Loading Script: {[0:crafttweaker]: minecraft\wood_transform_recipes.zs}
[SERVER_STARTED][SERVER][INFO] [crafttweaker | SIDE_CLIENT]: Loading Script: {[0:crafttweaker]: mods\remove_immersive.zs}
[SERVER_STARTED][SERVER][ERROR] [crafttweaker | SIDE_CLIENT]: Error parsing mods\remove_immersive.zs:1 -- ; expected
[SERVER_STARTED][SERVER][INFO] [crafttweaker | SIDE_CLIENT]: Loading Script: {[0:crafttweaker]: recipes\tinker_recipes.zs}
[SERVER_STARTED][SERVER][INFO] Completed script loading in: 2ms
[SERVER_STARTED][SERVER][INFO] Loading scripts for loader with names [preinit]
[SERVER_STARTED][SERVER][INFO] Completed script loading in: 0ms
[SERVER_STARTED][SERVER][INFO] Loading scripts for loader with names [crafttweaker | recipeevent]
[SERVER_STARTED][SERVER][INFO] [crafttweaker | SIDE_CLIENT]: Loading Script: {[0:crafttweaker]: minecraft\wood_transform_recipes.zs}
[SERVER_STARTED][SERVER][INFO] [crafttweaker | SIDE_CLIENT]: Loading Script: {[0:crafttweaker]: mods\remove_immersive.zs}
[SERVER_STARTED][SERVER][ERROR] [crafttweaker | SIDE_CLIENT]: Error parsing mods\remove_immersive.zs:4 -- ; expected
[SERVER_STARTED][SERVER][INFO] [crafttweaker | SIDE_CLIENT]: Loading Script: {[0:crafttweaker]: recipes\tinker_recipes.zs}
[SERVER_STARTED][SERVER][INFO] Completed script loading in: 3ms
[SERVER_STARTED][SERVER][INFO] Loading scripts for loader with names [preinit]
[SERVER_STARTED][SERVER][INFO] Completed script loading in: 0ms
[SERVER_STARTED][SERVER][INFO] Loading scripts for loader with names [crafttweaker | recipeevent]
[SERVER_STARTED][SERVER][INFO] [crafttweaker | SIDE_CLIENT]: Loading Script: {[0:crafttweaker]: minecraft\wood_transform_recipes.zs}
[SERVER_STARTED][SERVER][INFO] [crafttweaker | SIDE_CLIENT]: Loading Script: {[0:crafttweaker]: mods\remove_immersive.zs}
[SERVER_STARTED][SERVER][ERROR] [crafttweaker | SIDE_CLIENT]: Error parsing mods\remove_immersive.zs:4 -- ; expected
[SERVER_STARTED][SERVER][INFO] [crafttweaker | SIDE_CLIENT]: Loading Script: {[0:crafttweaker]: recipes\tinker_recipes.zs}
[SERVER_STARTED][SERVER][INFO] Completed script loading in: 3ms
[SERVER_STARTED][SERVER][INFO] Loading scripts for loader with names [preinit]
[SERVER_STARTED][SERVER][INFO] Completed script loading in: 0ms
[SERVER_STARTED][SERVER][INFO] Loading scripts for loader with names [crafttweaker | recipeevent]
[SERVER_STARTED][SERVER][INFO] [crafttweaker | SIDE_CLIENT]: Loading Script: {[0:crafttweaker]: minecraft\wood_transform_recipes.zs}
[SERVER_STARTED][SERVER][INFO] [crafttweaker | SIDE_CLIENT]: Loading Script: {[0:crafttweaker]: mods\remove_immersive.zs}
[SERVER_STARTED][SERVER][ERROR] [crafttweaker | SIDE_CLIENT]: Error parsing mods\remove_immersive.zs:10 -- Invalid expression, last token: ;
[SERVER_STARTED][SERVER][INFO] [crafttweaker | SIDE_CLIENT]: Loading Script: {[0:crafttweaker]: recipes\tinker_recipes.zs}
[SERVER_STARTED][SERVER][INFO] Completed script loading in: 4ms
[SERVER_STARTED][SERVER][INFO] Loading scripts for loader with names [preinit]
[SERVER_STARTED][SERVER][INFO] Completed script loading in: 0ms
[SERVER_STARTED][SERVER][INFO] Loading scripts for loader with names [crafttweaker | recipeevent]
[SERVER_STARTED][SERVER][INFO] [crafttweaker | SIDE_CLIENT]: Loading Script: {[0:crafttweaker]: minecraft\wood_transform_recipes.zs}
[SERVER_STARTED][SERVER][INFO] [crafttweaker | SIDE_CLIENT]: Loading Script: {[0:crafttweaker]: mods\remove_immersive.zs}
[SERVER_STARTED][SERVER][INFO] [crafttweaker | SIDE_CLIENT]: Loading Script: {[0:crafttweaker]: recipes\tinker_recipes.zs}
[SERVER_STARTED][SERVER][INFO] Completed script loading in: 3ms
