[02:39:48] [Client thread/INFO] [JMLogger] JourneyMap log initialized.
[02:39:48] [Client thread/INFO] [JourneymapClient] initialize ENTER
[02:39:49] [Client thread/WARN] [PropertiesBase] core (Initialized) Bad configField entry during updateFrom(): optionsManagerViewed=null
[02:39:49] [Client thread/WARN] [PropertiesBase] core (Initialized) Bad configField entry during updateFrom(): splashViewed=null
[02:39:49] [Client thread/INFO] [?] Version: JourneyMap 1.12.2-5.7.1, built with Forge 14.23.5.2768
Forge: 14.23.5.2854
Environment: os.name, os.arch, java.version, user.country, user.language=null, game language=en_us, locale=en_us
Features: 
	RadarPlayers : singleplayer = true , multiplayer = true
	RadarAnimals : singleplayer = true , multiplayer = true
	RadarMobs : singleplayer = true , multiplayer = true
	RadarVillagers : singleplayer = true , multiplayer = true
	MapTopo : singleplayer = true , multiplayer = true
	MapSurface : singleplayer = true , multiplayer = true
	MapCaves : singleplayer = true , multiplayer = true
MiniMapProperties{state=Valid, file=journeymap.minimap.config, configVersion=5.7.1, zoomLevel=0, showPlayers=true, frameAlpha=100, compassFontScale=1, terrainAlpha=100, showEntityNames=true, enabled=true, showPlayerHeading=true, showVillagers=true, info2Label=Game Time, sizePercent=30, showDayNight=true, info3Label=Location, showMobs=true, showPets=true, preferredMapType=day, showCompass=true, mobDisplay=Small Dots, showReticle=true, orientation=North, systemTimeRealFormat=HH:mm:ss, shape=Circle, showSelf=true, info4Label=Biome, locationFormat=xzyv, playerDisplay=Small Dots, showGrid=true, reticleOrientation=Compass, gameTimeRealFormat=HH:mm:ss, showWaypoints=true, showCaves=true, showAnimals=true, showMobHeading=true, showWaypointLabels=true, locationFormatVerbose=true, position=Top Right, info1Label=Blank, fontScale=1}
MiniMapProperties{state=Valid, file=journeymap.minimap2.config, configVersion=5.7.1, zoomLevel=0, showPlayers=true, frameAlpha=100, compassFontScale=1, terrainAlpha=100, showEntityNames=true, enabled=true, showPlayerHeading=true, showVillagers=true, info2Label=Game Time, sizePercent=30, showDayNight=true, info3Label=Location, showMobs=true, showPets=true, preferredMapType=day, showCompass=true, mobDisplay=Small Dots, showReticle=true, orientation=North, systemTimeRealFormat=HH:mm:ss, shape=Rectangle, showSelf=true, info4Label=Biome, locationFormat=xzyv, playerDisplay=Small Dots, showGrid=true, reticleOrientation=Compass, gameTimeRealFormat=HH:mm:ss, showWaypoints=true, showCaves=true, showAnimals=true, showMobHeading=true, showWaypointLabels=true, locationFormatVerbose=true, position=Top Right, info1Label=Blank, fontScale=1}
FullMapProperties{state=Valid, file=journeymap.fullmap.config, configVersion=5.7.1, mobDisplay=Small Dots, zoomLevel=0, showPlayers=true, showSelf=true, locationFormat=xzyv, playerDisplay=Small Dots, showGrid=true, showEntityNames=true, showPlayerHeading=true, showVillagers=true, showWaypoints=true, showCaves=true, showAnimals=true, showMobHeading=true, showKeys=true, showWaypointLabels=true, locationFormatVerbose=true, showMobs=true, showPets=true, fontScale=1, preferredMapType=day}
WaypointProperties{state=Valid, file=journeymap.waypoint.config, configVersion=5.7.1, autoRemoveDeathpointDistance=2, createDeathpoints=true, showName=true, dateFormat=MM-dd-yyyy, autoRemoveDeathpoints=false, maxDistance=0, autoHideLabel=true, teleportCommand=/tp {name} {x} {y} {z}, showStaticBeam=true, minDistance=4, timeFormat=HH:mm:ss, boldLabel=false, textureSmall=true, showDeathpointlabel=true, showDistance=true, showRotatingBeam=true, fontScale=2, showTexture=true, managerEnabled=true, beaconEnabled=true}
WebMapProperties{state=Valid, file=journeymap.webmap.config, configVersion=5.7.1, zoomLevel=0, showWaypoints=true, showCaves=true, showSelf=true, port=8080, showGrid=true, showEntityNames=true, enabled=false, preferredMapType=day}
CoreProperties{state=Valid, file=journeymap.core.config, configVersion=5.7.1, verboseColorPalette=false, maxPlayersData=32, mapSurfaceAboveCaves=true, optionsManagerViewed=null, announceMod=true, colorPassive=#bbbbbb, renderOverlayEventTypeName=ALL, mapBlendWater=false, renderDistanceSurfaceMax=7, radarVerticalDistance=16, mapBlendGrass=true, recordCacheStats=false, hideSneakingEntities=true, revealShape=Circle, alwaysMapSurface=false, colorVillager=#88e188, mapPlants=false, colorPet=#0077ff, radarLateralDistance=64, mapBathymetry=false, mapCrops=true, maxMobsData=32, mapPlantShadows=false, alwaysMapCaves=false, checkUpdates=true, browserPoll=2000, mapBlendFoliage=true, mappingEnabled=true, colorPlayer=#ffffff, tileHighDisplayQuality=true, cacheVillagersData=2200, logLevel=INFO, maxVillagersData=32, maxAnimalsData=32, mapTransparency=true, tileRenderType=1, caveIgnoreGlass=true, mapTopography=true, renderDistanceCaveMax=3, mapAntialiasing=true, colorSelf=#0000ff, cachePlayersData=2000, cacheMobsData=3000, cachePlayerData=1000, splashViewed=null, colorHostile=#ff0000, cacheAnimalsData=3100, themeName=OceanMonument, mapCaveLighting=true, renderDelay=2, renderOverlayPreEvent=true, autoMapPoll=2000}
[02:39:49] [Client thread/INFO] [ClientAPI] [ClientAPI] built with JourneyMap API 1.4
[02:39:49] [Client thread/INFO] [PluginHelper] Initializing plugins with Client API: journeymap.client.api.impl.ClientAPI
[02:39:49] [Client thread/INFO] [PluginHelper] Initialized IClientPlugin: com.feed_the_beast.ftbutilities.integration.JourneyMapIntegration
[02:39:49] [Client thread/INFO] [PluginHelper] Initialized IClientPlugin: com.oitsjustjose.geolosys.compat.journeymap.GeolosysPlugin
[02:39:49] [Client thread/INFO] [JourneymapClient] initialize EXIT, elapsed count 0 avg ?ms
[02:39:59] [Client thread/DEBUG] [JourneymapClient] postInitialize ENTER
[02:40:00] [Client thread/DEBUG] [EventHandlerManager] Handler registered: journeymap.client.forge.event.KeyEventHandler
[02:40:00] [Client thread/DEBUG] [EventHandlerManager] Handler registered: journeymap.client.forge.event.ChatEventHandler
[02:40:00] [Client thread/DEBUG] [EventHandlerManager] Handler registered: journeymap.client.forge.event.StateTickHandler
[02:40:00] [Client thread/DEBUG] [EventHandlerManager] Handler registered: journeymap.client.forge.event.WorldEventHandler
[02:40:00] [Client thread/DEBUG] [EventHandlerManager] Handler registered: journeymap.client.forge.event.WaypointBeaconHandler
[02:40:00] [Client thread/DEBUG] [EventHandlerManager] Handler registered: journeymap.client.forge.event.TextureAtlasHandler
[02:40:00] [Client thread/DEBUG] [EventHandlerManager] Handler registered: journeymap.client.forge.event.MiniMapOverlayHandler
[02:40:00] [Client thread/DEBUG] [EventHandlerManager] Handler registered: journeymap.client.forge.event.PlayerConnectHandler
[02:40:00] [Client thread/DEBUG] [EventHandlerManager] Handler registered: journeymap.client.world.ChunkMonitor
[02:40:00] [Client thread/ERROR] [FileHandler] Couldn't locate icons for Default: G:\Users\ERIC\Desktop\GAMES\Minecraft%20-%20MultiMC\instances\WOLFPACK%20-%20ORIGINAL\.minecraft\mods\journeymap-1.12.2-5.7.1.jar\assets\journeymap\icon\entity
[02:40:00] [Client thread/INFO] [IconSetFileHandler] Added entity icons from journeymap:icon/entity. Success: false
[02:40:00] [Client thread/TRACE] [ThemeLoader] Initializing themes ...
[02:40:00] [Client thread/ERROR] [FileHandler] Couldn't locate icons for flat: G:\Users\ERIC\Desktop\GAMES\Minecraft%20-%20MultiMC\instances\WOLFPACK%20-%20ORIGINAL\.minecraft\mods\journeymap-1.12.2-5.7.1.jar\assets\journeymap\theme\flat
[02:40:00] [Client thread/INFO] [ThemeLoader] Preloaded theme textures: 0
[02:40:00] [Client thread/DEBUG] [JourneymapClient] postInitialize EXIT, elapsed§8 count §r1§8 avg §r353.41§8ms§r
[02:42:01] [Client thread/WARN] [PropertiesBase] core (Initialized) Bad configField entry during updateFrom(): optionsManagerViewed=null
[02:42:01] [Client thread/WARN] [PropertiesBase] core (Initialized) Bad configField entry during updateFrom(): splashViewed=null
[02:42:02] [Client thread/INFO] [WaypointStore] Loaded 0 waypoints from G:\Users\ERIC\Desktop\GAMES\Minecraft - MultiMC\instances\WOLFPACK - ORIGINAL\.minecraft\journeymap\data\sp\Copy of Test World\waypoints
[02:42:02] [Client thread/INFO] [JourneymapClient] Mapping started in G:\Users\ERIC\Desktop\GAMES\Minecraft - MultiMC\instances\WOLFPACK - ORIGINAL\.minecraft\journeymap\data\sp\Copy of Test World\DIM0. Memory: 3392MB total, 1913MB free 
[02:42:02] [Client thread/INFO] [ChatLog] JourneyMap: Press [J]
[02:42:04] [Client thread/INFO] [ModBlockDelegate] Custom modded block handling enabled for biomesoplenty
[03:32:31] [Client thread/INFO] [StateTickHandler] wolfkidsounds died at BlockPos{x=251, y=67, z=479}. Deathpoints enabled: true. Deathpoint created: true
[04:25:36] [Client thread/INFO] [StatTimer] TileDrawStep.updateRegionTexture hit max count, 1000000
[04:25:38] [Client thread/INFO] [StatTimer] TileDrawStep.draw(low) hit max count, 1000000
[05:06:07] [Client thread/INFO] [StateTickHandler] wolfkidsounds died at BlockPos{x=245, y=67, z=477}. Deathpoints enabled: true. Deathpoint created: true
[05:06:11] [JM-task-4/WARN] [SurfaceRenderer] java.lang.NullPointerException
	at journeymap.client.cartography.render.SurfaceRenderer.paintStrata(SurfaceRenderer.java:368)
	at journeymap.client.cartography.render.SurfaceRenderer.renderSurface(SurfaceRenderer.java:190)
	at journeymap.client.cartography.render.SurfaceRenderer.render(SurfaceRenderer.java:113)
	at journeymap.client.cartography.render.SurfaceRenderer.render(SurfaceRenderer.java:86)
	at journeymap.client.cartography.ChunkRenderController.renderChunk(ChunkRenderController.java:140)
	at journeymap.client.task.multi.BaseMapTask.performTask(BaseMapTask.java:122)
	at journeymap.client.task.multi.TaskBatch.performTask(TaskBatch.java:72)
	at journeymap.client.task.multi.MapPlayerTask$MapPlayerTaskBatch.performTask(MapPlayerTask.java:416)
	at journeymap.client.thread.RunnableTask$Inner.run(RunnableTask.java:78)
	at java.util.concurrent.Executors$RunnableAdapter.call(Executors.java:511)
	at java.util.concurrent.FutureTask.run(FutureTask.java:266)
	at java.util.concurrent.ScheduledThreadPoolExecutor$ScheduledFutureTask.access$201(ScheduledThreadPoolExecutor.java:180)
	at java.util.concurrent.ScheduledThreadPoolExecutor$ScheduledFutureTask.run(ScheduledThreadPoolExecutor.java:293)
	at java.util.concurrent.ThreadPoolExecutor.runWorker(ThreadPoolExecutor.java:1142)
	at java.util.concurrent.ThreadPoolExecutor$Worker.run(ThreadPoolExecutor.java:617)
	at java.lang.Thread.run(Thread.java:745)

[05:24:28] [Client thread/INFO] [JourneymapClient] Mapping halted in G:\Users\ERIC\Desktop\GAMES\Minecraft - MultiMC\instances\WOLFPACK - ORIGINAL\.minecraft\journeymap\data\sp\Copy of Test World\DIM0
